<?xml version="1.0" encoding="UTF-8" ?>
<testsuite tests="7" failures="3" name="TestSuite" time="126.048" errors="0" skipped="4">
  <properties>
[...]
</properties>
  <testcase classname="TNG_Tests.ControlGroup_Test" name="clickControlGroup" time="56.212">
    <failure message="chrome not reachable
  (Session info: chrome=83.0.4103.106)
Build info: version: &apos;3.141.59&apos;, revision: &apos;e82be7d358&apos;, time: &apos;2018-11-14T08:17:03&apos;
System info: host: &apos;DESKTOP-B6TJ4KV&apos;, ip: &apos;192.168.1.67&apos;, os.name: &apos;Windows 10&apos;, os.arch: &apos;amd64&apos;, os.version: &apos;10.0&apos;, java.version: &apos;14.0.1&apos;
Driver info: org.openqa.selenium.chrome.ChromeDriver
Capabilities {acceptInsecureCerts: false, browserName: chrome, browserVersion: 83.0.4103.106, chrome: {chromedriverVersion: 83.0.4103.39 (ccbf011cb2d2b..., userDataDir: C:\Users\nmeli\AppData\Loca...}, goog:chromeOptions: {debuggerAddress: localhost:14291}, javascriptEnabled: true, networkConnectionEnabled: false, pageLoadStrategy: normal, platform: WINDOWS, platformName: WINDOWS, proxy: Proxy(), setWindowRect: true, strictFileInteractability: false, timeouts: {implicit: 0, pageLoad: 300000, script: 30000}, unhandledPromptBehavior: dismiss and notify, webauthn:virtualAuthenticators: true}
Session ID: fe6b286004adc6a42a29766eb6847a3d
*** Element info: {Using=class name, value=demo-frame}" type="org.openqa.selenium.WebDriverException">org.openqa.selenium.WebDriverException: chrome not reachable
  (Session info: chrome=83.0.4103.106)
Build info: version: &apos;3.141.59&apos;, revision: &apos;e82be7d358&apos;, time: &apos;2018-11-14T08:17:03&apos;
System info: host: &apos;DESKTOP-B6TJ4KV&apos;, ip: &apos;192.168.1.67&apos;, os.name: &apos;Windows 10&apos;, os.arch: &apos;amd64&apos;, os.version: &apos;10.0&apos;, java.version: &apos;14.0.1&apos;
Driver info: org.openqa.selenium.chrome.ChromeDriver
Capabilities {acceptInsecureCerts: false, browserName: chrome, browserVersion: 83.0.4103.106, chrome: {chromedriverVersion: 83.0.4103.39 (ccbf011cb2d2b..., userDataDir: C:\Users\nmeli\AppData\Loca...}, goog:chromeOptions: {debuggerAddress: localhost:14291}, javascriptEnabled: true, networkConnectionEnabled: false, pageLoadStrategy: normal, platform: WINDOWS, platformName: WINDOWS, proxy: Proxy(), setWindowRect: true, strictFileInteractability: false, timeouts: {implicit: 0, pageLoad: 300000, script: 30000}, unhandledPromptBehavior: dismiss and notify, webauthn:virtualAuthenticators: true}
Session ID: fe6b286004adc6a42a29766eb6847a3d
*** Element info: {Using=class name, value=demo-frame}
	at java.base/jdk.internal.reflect.NativeConstructorAccessorImpl.newInstance0(Native Method)
	at java.base/jdk.internal.reflect.NativeConstructorAccessorImpl.newInstance(NativeConstructorAccessorImpl.java:62)
	at java.base/jdk.internal.reflect.DelegatingConstructorAccessorImpl.newInstance(DelegatingConstructorAccessorImpl.java:45)
	at java.base/java.lang.reflect.Constructor.newInstanceWithCaller(Constructor.java:500)
	at java.base/java.lang.reflect.Constructor.newInstance(Constructor.java:481)
	at org.openqa.selenium.remote.http.W3CHttpResponseCodec.createException(W3CHttpResponseCodec.java:187)
	at org.openqa.selenium.remote.http.W3CHttpResponseCodec.decode(W3CHttpResponseCodec.java:122)
	at org.openqa.selenium.remote.http.W3CHttpResponseCodec.decode(W3CHttpResponseCodec.java:49)
	at org.openqa.selenium.remote.HttpCommandExecutor.execute(HttpCommandExecutor.java:158)
	at org.openqa.selenium.remote.service.DriverCommandExecutor.execute(DriverCommandExecutor.java:83)
	at org.openqa.selenium.remote.RemoteWebDriver.execute(RemoteWebDriver.java:552)
	at org.openqa.selenium.remote.RemoteWebDriver.findElement(RemoteWebDriver.java:323)
	at org.openqa.selenium.remote.RemoteWebDriver.findElementByClassName(RemoteWebDriver.java:412)
	at org.openqa.selenium.By$ByClassName.findElement(By.java:389)
	at org.openqa.selenium.remote.RemoteWebDriver.findElement(RemoteWebDriver.java:315)
	at org.openqa.selenium.support.pagefactory.DefaultElementLocator.findElement(DefaultElementLocator.java:69)
	at org.openqa.selenium.support.pagefactory.internal.LocatingElementHandler.invoke(LocatingElementHandler.java:38)
	at com.sun.proxy.$Proxy13.getWrappedElement(Unknown Source)
	at org.openqa.selenium.remote.internal.WebElementToJsonConverter.apply(WebElementToJsonConverter.java:50)
	at org.openqa.selenium.remote.RemoteWebDriver$RemoteTargetLocator.frame(RemoteWebDriver.java:891)
	at pageObjects.JQueryHPage.switchFrame(JQueryHPage.java:34)
	at TNG_Tests.ControlGroup_Test.clickControlGroup(ControlGroup_Test.java:38)
</failure>
    <system-out>Configuring TestNG with: org.apache.maven.surefire.testng.conf.TestNG652Configurator@6adca536
</system-out>
    <system-err>Starting ChromeDriver 83.0.4103.39 (ccbf011cb2d2b19b506d844400483861342c20cd-refs/branch-heads/4103@{#416}) on port 28009
Only local connections are allowed.
Please see https://chromedriver.chromium.org/security-considerations for suggestions on keeping ChromeDriver safe.
ChromeDriver was started successfully.
Jun 23, 2020 4:28:57 PM org.openqa.selenium.remote.ProtocolHandshake createSession
INFO: Detected dialect: W3C
[1592944189.053][WARNING]: Timed out connecting to Chrome, retrying...
</system-err>
  </testcase>
  <testcase classname="TNG_Tests.DatePickerBonigarcia_Test" name="setup" time="56.748">
    <failure type="java.lang.NullPointerException">java.lang.NullPointerException
	at managers.DriverMgr.getDriver(DriverMgr.java:15)
	at TNG_Tests.DatePickerBonigarcia_Test.setup(DatePickerBonigarcia_Test.java:24)
</failure>
  </testcase>
  <testcase classname="TNG_Tests.DatePickerBonigarcia_Test" name="selectDateTest" time="0">
    <skipped/>
  </testcase>
  <testcase classname="TNG_Tests.DatePickerBonigarcia_Test" name="tearDown" time="0">
    <skipped/>
  </testcase>
  <testcase classname="TNG_Tests.DatePicker_Test" name="setup" time="13.088">
    <failure message="session not created
from chrome not reachable
  (Session info: chrome=83.0.4103.106)
Build info: version: &apos;3.141.59&apos;, revision: &apos;e82be7d358&apos;, time: &apos;2018-11-14T08:17:03&apos;
System info: host: &apos;DESKTOP-B6TJ4KV&apos;, ip: &apos;192.168.1.67&apos;, os.name: &apos;Windows 10&apos;, os.arch: &apos;amd64&apos;, os.version: &apos;10.0&apos;, java.version: &apos;14.0.1&apos;
Driver info: driver.version: ChromeDriver
remote stacktrace: Backtrace:
	Ordinal0 [0x00CC9563+2725219]
	Ordinal0 [0x00BC8551+1672529]
	Ordinal0 [0x00AB0202+524802]
	Ordinal0 [0x00AA99B2+498098]
	Ordinal0 [0x00AAA09B+499867]
	Ordinal0 [0x00AAAFF5+503797]
	Ordinal0 [0x00AA6994+485780]
	Ordinal0 [0x00AB0FF0+528368]
	Ordinal0 [0x00A5D6C9+186057]
	Ordinal0 [0x00A5CA3D+182845]
	Ordinal0 [0x00A5A94B+174411]
	Ordinal0 [0x00A42528+75048]
	Ordinal0 [0x00A435A0+79264]
	Ordinal0 [0x00A43539+79161]
	Ordinal0 [0x00BDD607+1758727]
	GetHandleVerifier [0x00DE6546+1050150]
	GetHandleVerifier [0x00DE6291+1049457]
	GetHandleVerifier [0x00DF10D7+1094071]
	GetHandleVerifier [0x00DE6B46+1051686]
	Ordinal0 [0x00BD5B06+1727238]
	Ordinal0 [0x00BDEB7B+1764219]
	Ordinal0 [0x00BDECE3+1764579]
	Ordinal0 [0x00BF4C05+1854469]
	BaseThreadInitThunk [0x75EDF989+25]
	RtlGetAppContainerNamedObjectPath [0x773C7084+228]
	RtlGetAppContainerNamedObjectPath [0x773C7054+180]
" type="org.openqa.selenium.SessionNotCreatedException">org.openqa.selenium.SessionNotCreatedException: session not created
from chrome not reachable
  (Session info: chrome=83.0.4103.106)
Build info: version: &apos;3.141.59&apos;, revision: &apos;e82be7d358&apos;, time: &apos;2018-11-14T08:17:03&apos;
System info: host: &apos;DESKTOP-B6TJ4KV&apos;, ip: &apos;192.168.1.67&apos;, os.name: &apos;Windows 10&apos;, os.arch: &apos;amd64&apos;, os.version: &apos;10.0&apos;, java.version: &apos;14.0.1&apos;
Driver info: driver.version: ChromeDriver
remote stacktrace: Backtrace:
	Ordinal0 [0x00CC9563+2725219]
	Ordinal0 [0x00BC8551+1672529]
	Ordinal0 [0x00AB0202+524802]
	Ordinal0 [0x00AA99B2+498098]
	Ordinal0 [0x00AAA09B+499867]
	Ordinal0 [0x00AAAFF5+503797]
	Ordinal0 [0x00AA6994+485780]
	Ordinal0 [0x00AB0FF0+528368]
	Ordinal0 [0x00A5D6C9+186057]
	Ordinal0 [0x00A5CA3D+182845]
	Ordinal0 [0x00A5A94B+174411]
	Ordinal0 [0x00A42528+75048]
	Ordinal0 [0x00A435A0+79264]
	Ordinal0 [0x00A43539+79161]
	Ordinal0 [0x00BDD607+1758727]
	GetHandleVerifier [0x00DE6546+1050150]
	GetHandleVerifier [0x00DE6291+1049457]
	GetHandleVerifier [0x00DF10D7+1094071]
	GetHandleVerifier [0x00DE6B46+1051686]
	Ordinal0 [0x00BD5B06+1727238]
	Ordinal0 [0x00BDEB7B+1764219]
	Ordinal0 [0x00BDECE3+1764579]
	Ordinal0 [0x00BF4C05+1854469]
	BaseThreadInitThunk [0x75EDF989+25]
	RtlGetAppContainerNamedObjectPath [0x773C7084+228]
	RtlGetAppContainerNamedObjectPath [0x773C7054+180]

	at java.base/jdk.internal.reflect.NativeConstructorAccessorImpl.newInstance0(Native Method)
	at java.base/jdk.internal.reflect.NativeConstructorAccessorImpl.newInstance(NativeConstructorAccessorImpl.java:62)
	at java.base/jdk.internal.reflect.DelegatingConstructorAccessorImpl.newInstance(DelegatingConstructorAccessorImpl.java:45)
	at java.base/java.lang.reflect.Constructor.newInstanceWithCaller(Constructor.java:500)
	at java.base/java.lang.reflect.Constructor.newInstance(Constructor.java:481)
	at org.openqa.selenium.remote.W3CHandshakeResponse.lambda$errorHandler$0(W3CHandshakeResponse.java:62)
	at org.openqa.selenium.remote.HandshakeResponse.lambda$getResponseFunction$0(HandshakeResponse.java:30)
	at org.openqa.selenium.remote.ProtocolHandshake.lambda$createSession$0(ProtocolHandshake.java:126)
	at java.base/java.util.stream.ReferencePipeline$3$1.accept(ReferencePipeline.java:195)
	at java.base/java.util.Spliterators$ArraySpliterator.tryAdvance(Spliterators.java:958)
	at java.base/java.util.stream.ReferencePipeline.forEachWithCancel(ReferencePipeline.java:127)
	at java.base/java.util.stream.AbstractPipeline.copyIntoWithCancel(AbstractPipeline.java:502)
	at java.base/java.util.stream.AbstractPipeline.copyInto(AbstractPipeline.java:488)
	at java.base/java.util.stream.AbstractPipeline.wrapAndCopyInto(AbstractPipeline.java:474)
	at java.base/java.util.stream.FindOps$FindOp.evaluateSequential(FindOps.java:150)
	at java.base/java.util.stream.AbstractPipeline.evaluate(AbstractPipeline.java:234)
	at java.base/java.util.stream.ReferencePipeline.findFirst(ReferencePipeline.java:543)
	at org.openqa.selenium.remote.ProtocolHandshake.createSession(ProtocolHandshake.java:128)
	at org.openqa.selenium.remote.ProtocolHandshake.createSession(ProtocolHandshake.java:74)
	at org.openqa.selenium.remote.HttpCommandExecutor.execute(HttpCommandExecutor.java:136)
	at org.openqa.selenium.remote.service.DriverCommandExecutor.execute(DriverCommandExecutor.java:83)
	at org.openqa.selenium.remote.RemoteWebDriver.execute(RemoteWebDriver.java:552)
	at org.openqa.selenium.remote.RemoteWebDriver.startSession(RemoteWebDriver.java:213)
	at org.openqa.selenium.remote.RemoteWebDriver.&lt;init&gt;(RemoteWebDriver.java:131)
	at org.openqa.selenium.chrome.ChromeDriver.&lt;init&gt;(ChromeDriver.java:181)
	at org.openqa.selenium.chrome.ChromeDriver.&lt;init&gt;(ChromeDriver.java:168)
	at org.openqa.selenium.chrome.ChromeDriver.&lt;init&gt;(ChromeDriver.java:123)
	at TNG_Tests.DatePicker_Test.setup(DatePicker_Test.java:24)
</failure>
    <system-err>Starting ChromeDriver 83.0.4103.39 (ccbf011cb2d2b19b506d844400483861342c20cd-refs/branch-heads/4103@{#416}) on port 42651
Only local connections are allowed.
Please see https://chromedriver.chromium.org/security-considerations for suggestions on keeping ChromeDriver safe.
ChromeDriver was started successfully.
[1592944202.662][WARNING]: Timed out connecting to Chrome, retrying...
</system-err>
  </testcase>
  <testcase classname="TNG_Tests.DatePicker_Test" name="selectDateTest" time="0">
    <skipped/>
  </testcase>
  <testcase classname="TNG_Tests.DatePicker_Test" name="tearDown" time="0">
    <skipped/>
  </testcase>
</testsuite>